<?xml version="1.0" encoding="UTF-8"?>
<testsuite xmlns:xsi="http://www.w3.org/2001/XMLSchema-instance" xsi:noNamespaceSchemaLocation="https://maven.apache.org/surefire/maven-surefire-plugin/xsd/surefire-test-report-3.0.xsd" version="3.0" name="org.tfoc.SolutionTest" time="0.112" tests="1" errors="0" skipped="0" failures="0">
  <properties>
    <property name="java.specification.version" value="17"/>
    <property name="sun.jnu.encoding" value="UTF-8"/>
    <property name="java.class.path" value="/Users/jlomas/Projects/the-fellowship-of-code/the-mirror-of-galadriel/tmog-001/target/test-classes:/Users/jlomas/Projects/the-fellowship-of-code/the-mirror-of-galadriel/tmog-001/target/classes:/Users/jlomas/.m2/repository/org/projectlombok/lombok/1.18.30/lombok-1.18.30.jar:/Users/jlomas/.m2/repository/ch/qos/logback/logback-core/1.4.14/logback-core-1.4.14.jar:/Users/jlomas/.m2/repository/ch/qos/logback/logback-classic/1.4.14/logback-classic-1.4.14.jar:/Users/jlomas/.m2/repository/org/slf4j/slf4j-api/2.0.11/slf4j-api-2.0.11.jar:/Users/jlomas/.m2/repository/org/junit/jupiter/junit-jupiter-engine/5.10.2/junit-jupiter-engine-5.10.2.jar:/Users/jlomas/.m2/repository/org/junit/platform/junit-platform-engine/1.10.2/junit-platform-engine-1.10.2.jar:/Users/jlomas/.m2/repository/org/opentest4j/opentest4j/1.3.0/opentest4j-1.3.0.jar:/Users/jlomas/.m2/repository/org/junit/platform/junit-platform-commons/1.10.2/junit-platform-commons-1.10.2.jar:/Users/jlomas/.m2/repository/org/junit/jupiter/junit-jupiter-api/5.10.2/junit-jupiter-api-5.10.2.jar:/Users/jlomas/.m2/repository/org/apiguardian/apiguardian-api/1.1.2/apiguardian-api-1.1.2.jar:"/>
    <property name="java.vm.vendor" value="Eclipse Adoptium"/>
    <property name="sun.arch.data.model" value="64"/>
    <property name="java.vendor.url" value="https://adoptium.net/"/>
    <property name="user.timezone" value="Europe/Madrid"/>
    <property name="os.name" value="Mac OS X"/>
    <property name="java.vm.specification.version" value="17"/>
    <property name="sun.java.launcher" value="SUN_STANDARD"/>
    <property name="user.country" value="ES"/>
    <property name="sun.boot.library.path" value="/Library/Java/JavaVirtualMachines/temurin-17.jdk/Contents/Home/lib"/>
    <property name="sun.java.command" value="/Users/jlomas/Projects/the-fellowship-of-code/the-mirror-of-galadriel/tmog-001/target/surefire/surefirebooter-20240205155052027_3.jar /Users/jlomas/Projects/the-fellowship-of-code/the-mirror-of-galadriel/tmog-001/target/surefire 2024-02-05T15-50-51_982-jvmRun1 surefire-20240205155052027_1tmp surefire_0-20240205155052027_2tmp"/>
    <property name="jdk.debug" value="release"/>
    <property name="surefire.test.class.path" value="/Users/jlomas/Projects/the-fellowship-of-code/the-mirror-of-galadriel/tmog-001/target/test-classes:/Users/jlomas/Projects/the-fellowship-of-code/the-mirror-of-galadriel/tmog-001/target/classes:/Users/jlomas/.m2/repository/org/projectlombok/lombok/1.18.30/lombok-1.18.30.jar:/Users/jlomas/.m2/repository/ch/qos/logback/logback-core/1.4.14/logback-core-1.4.14.jar:/Users/jlomas/.m2/repository/ch/qos/logback/logback-classic/1.4.14/logback-classic-1.4.14.jar:/Users/jlomas/.m2/repository/org/slf4j/slf4j-api/2.0.11/slf4j-api-2.0.11.jar:/Users/jlomas/.m2/repository/org/junit/jupiter/junit-jupiter-engine/5.10.2/junit-jupiter-engine-5.10.2.jar:/Users/jlomas/.m2/repository/org/junit/platform/junit-platform-engine/1.10.2/junit-platform-engine-1.10.2.jar:/Users/jlomas/.m2/repository/org/opentest4j/opentest4j/1.3.0/opentest4j-1.3.0.jar:/Users/jlomas/.m2/repository/org/junit/platform/junit-platform-commons/1.10.2/junit-platform-commons-1.10.2.jar:/Users/jlomas/.m2/repository/org/junit/jupiter/junit-jupiter-api/5.10.2/junit-jupiter-api-5.10.2.jar:/Users/jlomas/.m2/repository/org/apiguardian/apiguardian-api/1.1.2/apiguardian-api-1.1.2.jar:"/>
    <property name="sun.cpu.endian" value="little"/>
    <property name="user.home" value="/Users/jlomas"/>
    <property name="user.language" value="en"/>
    <property name="java.specification.vendor" value="Oracle Corporation"/>
    <property name="java.version.date" value="2022-08-12"/>
    <property name="java.home" value="/Library/Java/JavaVirtualMachines/temurin-17.jdk/Contents/Home"/>
    <property name="file.separator" value="/"/>
    <property name="basedir" value="/Users/jlomas/Projects/the-fellowship-of-code/the-mirror-of-galadriel/tmog-001"/>
    <property name="java.vm.compressedOopsMode" value="Zero based"/>
    <property name="line.separator" value="&#10;"/>
    <property name="java.vm.specification.vendor" value="Oracle Corporation"/>
    <property name="java.specification.name" value="Java Platform API Specification"/>
    <property name="surefire.real.class.path" value="/Users/jlomas/Projects/the-fellowship-of-code/the-mirror-of-galadriel/tmog-001/target/surefire/surefirebooter-20240205155052027_3.jar"/>
    <property name="sun.management.compiler" value="HotSpot 64-Bit Tiered Compilers"/>
    <property name="java.runtime.version" value="17.0.4.1+1"/>
    <property name="user.name" value="jlomas"/>
    <property name="path.separator" value=":"/>
    <property name="os.version" value="13.3.1"/>
    <property name="java.runtime.name" value="OpenJDK Runtime Environment"/>
    <property name="file.encoding" value="UTF-8"/>
    <property name="java.vm.name" value="OpenJDK 64-Bit Server VM"/>
    <property name="java.vendor.version" value="Temurin-17.0.4.1+1"/>
    <property name="localRepository" value="/Users/jlomas/.m2/repository"/>
    <property name="java.vendor.url.bug" value="https://github.com/adoptium/adoptium-support/issues"/>
    <property name="java.io.tmpdir" value="/var/folders/5z/kz4x_kp91sd1xyzfgksbbz040000gp/T/"/>
    <property name="java.version" value="17.0.4.1"/>
    <property name="user.dir" value="/Users/jlomas/Projects/the-fellowship-of-code/the-mirror-of-galadriel/tmog-001"/>
    <property name="os.arch" value="aarch64"/>
    <property name="java.vm.specification.name" value="Java Virtual Machine Specification"/>
    <property name="native.encoding" value="UTF-8"/>
    <property name="java.library.path" value="/Users/jlomas/Library/Java/Extensions:/Library/Java/Extensions:/Network/Library/Java/Extensions:/System/Library/Java/Extensions:/usr/lib/java:."/>
    <property name="java.vm.info" value="mixed mode"/>
    <property name="java.vendor" value="Eclipse Adoptium"/>
    <property name="java.vm.version" value="17.0.4.1+1"/>
    <property name="sun.io.unicode.encoding" value="UnicodeBig"/>
    <property name="java.class.version" value="61.0"/>
  </properties>
  <testcase name="testCustomer" classname="org.tfoc.SolutionTest" time="0.01">
    <system-out><![CDATA[
 ████████╗██╗  ██╗███████╗    ███████╗███████╗██╗     ██╗      ██████╗ ██╗    ██╗███████╗██╗  ██╗██╗██████╗      ██████╗ ███████╗     ██████╗ ██████╗ ██████╗ ███████╗
 ╚══██╔══╝██║  ██║██╔════╝    ██╔════╝██╔════╝██║     ██║     ██╔═══██╗██║    ██║██╔════╝██║  ██║██║██╔══██╗    ██╔═══██╗██╔════╝    ██╔════╝██╔═══██╗██╔══██╗██╔════╝
    ██║   ███████║█████╗      █████╗  █████╗  ██║     ██║     ██║   ██║██║ █╗ ██║███████╗███████║██║██████╔╝    ██║   ██║█████╗      ██║     ██║   ██║██║  ██║█████╗
    ██║   ██╔══██║██╔══╝      ██╔══╝  ██╔══╝  ██║     ██║     ██║   ██║██║███╗██║╚════██║██╔══██║██║██╔═══╝     ██║   ██║██╔══╝      ██║     ██║   ██║██║  ██║██╔══╝
    ██║   ██║  ██║███████╗    ██║     ███████╗███████╗███████╗╚██████╔╝╚███╔███╔╝███████║██║  ██║██║██║         ╚██████╔╝██║         ╚██████╗╚██████╔╝██████╔╝███████╗
    ╚═╝   ╚═╝  ╚═╝╚══════╝    ╚═╝     ╚══════╝╚══════╝╚══════╝ ╚═════╝  ╚══╝╚══╝ ╚══════╝╚═╝  ╚═╝╚═╝╚═╝          ╚═════╝ ╚═╝          ╚═════╝ ╚═════╝ ╚═════╝ ╚══════╝

 The Mirror of Galadriel: Episode #001 - Two Sum

 Congratulations on running your first test!


15:50:52.396 [main] INFO  org.tfoc.SolutionTest - Don't forget to write the tests to make sure it works. Enjoy!
]]></system-out>
  </testcase>
</testsuite>